#
# There is insufficient memory for the Java Runtime Environment to continue.
# Native memory allocation (malloc) failed to allocate 55696 bytes for Chunk::new
# Possible reasons:
#   The system is out of physical RAM or swap space
#   In 32 bit mode, the process size limit was hit
# Possible solutions:
#   Reduce memory load on the system
#   Increase physical memory or swap space
#   Check if swap backing store is full
#   Use 64 bit Java on a 64 bit OS
#   Decrease Java heap size (-Xmx/-Xms)
#   Decrease number of Java threads
#   Decrease Java thread stack sizes (-Xss)
#   Set larger code cache with -XX:ReservedCodeCacheSize=
# This output file may be truncated or incomplete.
#
#  Out of Memory Error (allocation.cpp:328), pid=4780, tid=10256
#
# JRE version: 7.0_04-b20
# Java VM: Java HotSpot(TM) 64-Bit Server VM (23.0-b21 mixed mode windows-amd64 compressed oops)
# Failed to write core dump. Minidumps are not enabled by default on client versions of Windows
#

---------------  T H R E A D  ---------------

Current thread (0x0000000008d16000):  JavaThread "C2 CompilerThread0" daemon [_thread_in_native, id=10256, stack(0x0000000009fc0000,0x000000000a0c0000)]

Stack: [0x0000000009fc0000,0x000000000a0c0000]

Current CompileTask:
C2:  23790    5             java.util.Arrays::binarySearch0 (95 bytes)


---------------  P R O C E S S  ---------------

Java Threads: ( => current thread )
  0x000000000b593000 JavaThread "AWT-EventQueue-0" [_thread_in_native, id=12724, stack(0x000000000bb70000,0x000000000bc70000)]
  0x000000000b545800 JavaThread "AWT-Windows" daemon [_thread_in_native, id=5996, stack(0x000000000abf0000,0x000000000acf0000)]
  0x000000000b542800 JavaThread "AWT-Shutdown" [_thread_blocked, id=6492, stack(0x000000000ba60000,0x000000000bb60000)]
  0x000000000b53f800 JavaThread "Java2D Disposer" daemon [_thread_blocked, id=6764, stack(0x000000000b870000,0x000000000b970000)]
  0x0000000008d20800 JavaThread "Service Thread" daemon [_thread_blocked, id=10984, stack(0x000000000b1b0000,0x000000000b2b0000)]
  0x0000000008d1c000 JavaThread "C2 CompilerThread1" daemon [_thread_blocked, id=7676, stack(0x000000000b0a0000,0x000000000b1a0000)]
=>0x0000000008d16000 JavaThread "C2 CompilerThread0" daemon [_thread_in_native, id=10256, stack(0x0000000009fc0000,0x000000000a0c0000)]
  0x0000000008d06000 JavaThread "JDWP Command Reader" daemon [_thread_in_native, id=11608, stack(0x000000000ae70000,0x000000000af70000)]
  0x0000000008d05000 JavaThread "JDWP Event Helper Thread" daemon [_thread_blocked, id=11604, stack(0x000000000ad70000,0x000000000ae70000)]
  0x0000000008cff800 JavaThread "JDWP Transport Listener: dt_socket" daemon [_thread_blocked, id=11588, stack(0x000000000aa30000,0x000000000ab30000)]
  0x0000000008cf6000 JavaThread "Attach Listener" daemon [_thread_blocked, id=11324, stack(0x000000000a290000,0x000000000a390000)]
  0x0000000008cef000 JavaThread "Signal Dispatcher" daemon [_thread_blocked, id=11320, stack(0x000000000a0d0000,0x000000000a1d0000)]
  0x0000000002212800 JavaThread "Finalizer" daemon [_thread_blocked, id=11212, stack(0x0000000009ea0000,0x0000000009fa0000)]
  0x0000000002211000 JavaThread "Reference Handler" daemon [_thread_blocked, id=11200, stack(0x0000000009c70000,0x0000000009d70000)]
  0x000000000211d000 JavaThread "main" [_thread_in_native, id=7376, stack(0x00000000022c0000,0x00000000023c0000)]

Other Threads:
  0x0000000008c72800 VMThread [stack: 0x0000000009b60000,0x0000000009c60000] [id=11188]
  0x0000000008d35800 WatcherThread [stack: 0x000000000b340000,0x000000000b440000] [id=6168]

VM state:not at safepoint (normal execution)

VM Mutex/Monitor currently owned by a thread: None

Heap
 PSYoungGen      total 18752K, used 4243K [0x00000000eb200000, 0x00000000ec6e0000, 0x0000000000000000)
  eden space 16128K, 26% used [0x00000000eb200000,0x00000000eb624e18,0x00000000ec1c0000)
  from space 2624K, 0% used [0x00000000ec450000,0x00000000ec450000,0x00000000ec6e0000)
  to   space 2624K, 0% used [0x00000000ec1c0000,0x00000000ec1c0000,0x00000000ec450000)
 ParOldGen       total 42752K, used 0K [0x00000000c1600000, 0x00000000c3fc0000, 0x00000000eb200000)
  object space 42752K, 0% used [0x00000000c1600000,0x00000000c1600000,0x00000000c3fc0000)
 PSPermGen       total 21248K, used 7081K [0x00000000bc400000, 0x00000000bd8c0000, 0x00000000c1600000)
  object space 21248K, 33% used [0x00000000bc400000,0x00000000bcaea608,0x00000000bd8c0000)

Code Cache  [0x00000000023c0000, 0x0000000002630000, 0x00000000053c0000)
 total_blobs=337 nmethods=4 adapters=293 free_code_cache=48683Kb largest_free_block=49845696

Compilation events (9 events):
Event: 7.767 Thread 0x0000000008d16000    1             java.lang.String::hashCode (67 bytes)
Event: 7.775 Thread 0x0000000008d16000 nmethod 1 0x0000000002428110 code [0x0000000002428240, 0x0000000002428458]
Event: 12.460 Thread 0x0000000008d1c000    2             sun.java2d.loops.GraphicsPrimitive::getUniqueID (5 bytes)
Event: 12.460 Thread 0x0000000008d1c000 nmethod 2 0x00000000024335d0 code [0x0000000002433700, 0x0000000002433758]
Event: 12.882 Thread 0x0000000008d16000    3             java.lang.String::charAt (33 bytes)
Event: 12.883 Thread 0x0000000008d16000 nmethod 3 0x0000000002434fd0 code [0x0000000002435120, 0x00000000024351f8]
Event: 12.886 Thread 0x0000000008d1c000    4             java.lang.Object::<init> (1 bytes)
Event: 12.887 Thread 0x0000000008d1c000 nmethod 4 0x00000000024337d0 code [0x0000000002433900, 0x0000000002433978]
Event: 21.739 Thread 0x0000000008d16000    5             java.util.Arrays::binarySearch0 (95 bytes)

GC Heap History (0 events):
No events

Deoptimization events (0 events):
No events

Internal exceptions (10 events):
Event: 2.603 Thread 0x000000000211d000 Threw 0x00000000eb20b750 at C:\jdk7u2_64p\jdk7u4\hotspot\src\share\vm\prims\jni.cpp:3993
Event: 7.254 Thread 0x000000000211d000 Threw 0x00000000eb247768 at C:\jdk7u2_64p\jdk7u4\hotspot\src\share\vm\prims\jvm.cpp:1166
Event: 7.268 Thread 0x000000000211d000 Threw 0x00000000eb24d850 at C:\jdk7u2_64p\jdk7u4\hotspot\src\share\vm\prims\jvm.cpp:1166
Event: 7.729 Thread 0x000000000211d000 Threw 0x00000000eb2a4c28 at C:\jdk7u2_64p\jdk7u4\hotspot\src\share\vm\prims\jni.cpp:715
Event: 7.729 Thread 0x000000000211d000 Threw 0x00000000eb2a5568 at C:\jdk7u2_64p\jdk7u4\hotspot\src\share\vm\prims\jni.cpp:715
Event: 8.020 Thread 0x000000000211d000 Threw 0x00000000eb2c1008 at C:\jdk7u2_64p\jdk7u4\hotspot\src\share\vm\prims\jni.cpp:715
Event: 13.786 Thread 0x000000000211d000 Threw 0x00000000eb4232e0 at C:\jdk7u2_64p\jdk7u4\hotspot\src\share\vm\prims\jvm.cpp:1166
Event: 13.786 Thread 0x000000000211d000 Threw 0x00000000eb423408 at C:\jdk7u2_64p\jdk7u4\hotspot\src\share\vm\prims\jvm.cpp:1166
Event: 13.787 Thread 0x000000000211d000 Threw 0x00000000eb426908 at C:\jdk7u2_64p\jdk7u4\hotspot\src\share\vm\prims\jvm.cpp:1166
Event: 13.787 Thread 0x000000000211d000 Threw 0x00000000eb426a30 at C:\jdk7u2_64p\jdk7u4\hotspot\src\share\vm\prims\jvm.cpp:1166

Events (10 events):
Event: 21.736 loading class 0x000000000b595d20
Event: 21.736 loading class 0x000000000b595d20 done
Event: 21.736 loading class 0x000000000b4c5850 done
Event: 21.736 loading class 0x000000000b4476c0 done
Event: 21.737 loading class 0x000000000b48d670
Event: 21.737 loading class 0x000000000b48d670 done
Event: 21.737 loading class 0x000000000b48d6b0
Event: 21.737 loading class 0x000000000b48d6b0 done
Event: 21.743 loading class 0x000000000b447ba0
Event: 23.741 loading class 0x000000000b447ba0 done


Dynamic libraries:
0x000000003fe20000 - 0x000000003fe54000 	C:\Program Files\Java\jre7\bin\javaw.exe
0x0000000077bf0000 - 0x0000000077d9c000 	C:\Windows\SYSTEM32\ntdll.dll
0x0000000077ad0000 - 0x0000000077bef000 	C:\Windows\system32\kernel32.dll
0x00000000fde10000 - 0x00000000fde7c000 	C:\Windows\system32\KERNELBASE.dll
0x00000000fe140000 - 0x00000000fe21b000 	C:\Windows\system32\ADVAPI32.dll
0x00000000fdfc0000 - 0x00000000fe05f000 	C:\Windows\system32\msvcrt.dll
0x00000000fdf20000 - 0x00000000fdf3f000 	C:\Windows\SYSTEM32\sechost.dll
0x00000000ffae0000 - 0x00000000ffc0e000 	C:\Windows\system32\RPCRT4.dll
0x00000000779d0000 - 0x0000000077aca000 	C:\Windows\system32\USER32.dll
0x00000000ffa70000 - 0x00000000ffad7000 	C:\Windows\system32\GDI32.dll
0x00000000ffa60000 - 0x00000000ffa6e000 	C:\Windows\system32\LPK.dll
0x00000000fe5b0000 - 0x00000000fe67a000 	C:\Windows\system32\USP10.dll
0x00000000fc5e0000 - 0x00000000fc7d4000 	C:\Windows\WinSxS\amd64_microsoft.windows.common-controls_6595b64144ccf1df_6.0.7600.16661_none_fa62ad231704eab7\COMCTL32.dll
0x00000000fe680000 - 0x00000000fe6f1000 	C:\Windows\system32\SHLWAPI.dll
0x00000000fe4e0000 - 0x00000000fe50e000 	C:\Windows\system32\IMM32.DLL
0x00000000ffdf0000 - 0x00000000ffef9000 	C:\Windows\system32\MSCTF.dll
0x000000006d1c0000 - 0x000000006d291000 	C:\Program Files\Java\jre7\bin\msvcr100.dll
0x000000006caa0000 - 0x000000006d1ba000 	C:\Program Files\Java\jre7\bin\server\jvm.dll
0x00000000f6740000 - 0x00000000f6749000 	C:\Windows\system32\WSOCK32.dll
0x00000000ffa10000 - 0x00000000ffa5d000 	C:\Windows\system32\WS2_32.dll
0x00000000fe4d0000 - 0x00000000fe4d8000 	C:\Windows\system32\NSI.dll
0x00000000fb830000 - 0x00000000fb86b000 	C:\Windows\system32\WINMM.dll
0x0000000077db0000 - 0x0000000077db7000 	C:\Windows\system32\PSAPI.DLL
0x000000006ebc0000 - 0x000000006ebcf000 	C:\Program Files\Java\jre7\bin\verify.dll
0x000000006ca70000 - 0x000000006ca98000 	C:\Program Files\Java\jre7\bin\java.dll
0x000000006ca30000 - 0x000000006ca65000 	C:\Program Files\Java\jre7\bin\jdwp.dll
0x000000006ebb0000 - 0x000000006ebb8000 	C:\Program Files\Java\jre7\bin\npt.dll
0x000000006ca10000 - 0x000000006ca25000 	C:\Program Files\Java\jre7\bin\zip.dll
0x000000006ca00000 - 0x000000006ca09000 	C:\Program Files\Java\jre7\bin\dt_socket.dll
0x00000000fbc70000 - 0x00000000fbc85000 	C:\Windows\system32\NLAapi.dll
0x00000000fd3c0000 - 0x00000000fd414000 	C:\Windows\System32\mswsock.dll
0x00000000fd240000 - 0x00000000fd29b000 	C:\Windows\system32\DNSAPI.dll
0x00000000f9d10000 - 0x00000000f9d25000 	C:\Windows\system32\napinsp.dll
0x00000000f8720000 - 0x00000000f8739000 	C:\Windows\system32\pnrpnsp.dll
0x00000000fb9c0000 - 0x00000000fb9e7000 	C:\Windows\system32\IPHLPAPI.DLL
0x00000000fbe40000 - 0x00000000fbe4b000 	C:\Windows\system32\WINNSI.DLL
0x00000000fb880000 - 0x00000000fb8d3000 	C:\Windows\System32\fwpuclnt.dll
0x00000000f9c60000 - 0x00000000f9c68000 	C:\Windows\system32\rasadhlp.dll
0x00000000fcd90000 - 0x00000000fcd97000 	C:\Windows\System32\wshtcpip.dll
0x000000006c860000 - 0x000000006c9f4000 	C:\Program Files\Java\jre7\bin\awt.dll
0x00000000fe060000 - 0x00000000fe137000 	C:\Windows\system32\OLEAUT32.dll
0x00000000fe2c0000 - 0x00000000fe4c2000 	C:\Windows\system32\ole32.dll
0x00000000fbec0000 - 0x00000000fbed8000 	C:\Windows\system32\DWMAPI.DLL
0x00000000fc2c0000 - 0x00000000fc316000 	C:\Windows\system32\uxtheme.dll
0x00000000fda80000 - 0x00000000fda8f000 	C:\Windows\system32\CRYPTBASE.dll
0x00000000fea20000 - 0x00000000ff7a7000 	C:\Windows\system32\SHELL32.dll
0x000000006c820000 - 0x000000006c854000 	C:\Program Files\Java\jre7\bin\fontmanager.dll

VM Arguments:
jvm_args: -agentlib:jdwp=transport=dt_socket,suspend=y,address=localhost:49224 -Dfile.encoding=Cp1252 
java_command: MAIN
Launcher Type: SUN_STANDARD

Environment Variables:
PATH=D:/SOFT/bin/client;D:/SOFT/bin;D:/SOFT/lib/i386;C:\Program Files (x86)\PC Connectivity Solution\;C:\Program Files (x86)\AMD APP\bin\x86_64;C:\Program Files (x86)\AMD APP\bin\x86;C:\Windows\system32;C:\Windows;C:\Windows\System32\Wbem;C:\Windows\System32\WindowsPowerShell\v1.0\;C:\Program Files (x86)\ATI Technologies\ATI.ACE\Core-Static;C:\Program Files (x86)\Java\jdk1.6.0_18\bin;F:\Java\eclipse;
USERNAME=Subroto
OS=Windows_NT
PROCESSOR_IDENTIFIER=Intel64 Family 6 Model 42 Stepping 7, GenuineIntel



---------------  S Y S T E M  ---------------

OS: Windows 7 , 64 bit Build 7600 

CPU:total 4 (2 cores per cpu, 2 threads per core) family 6 model 42 stepping 7, cmov, cx8, fxsr, mmx, sse, sse2, sse3, ssse3, sse4.1, sse4.2, popcnt, ht, tsc, tscinvbit

Memory: 4k page, physical 4100368k(1464192k free), swap 10531284k(5092k free)

vm_info: Java HotSpot(TM) 64-Bit Server VM (23.0-b21) for windows-amd64 JRE (1.7.0_04-b20), built on Apr 12 2012 02:28:20 by "java_re" with unknown MS VC++:1600

time: Mon Aug 26 19:05:05 2013
elapsed time: 23 seconds

